<?xml version="1.0" encoding="UTF-8"?>
<!-- Generated by org.testng.reporters.JUnitXMLReporter -->
<testsuite hostname="LAPTOP-J365QQV5" ignored="0" name="Test" tests="4" failures="0" timestamp="2022-10-25T18:37:14 IST" time="105.72" errors="0">
  <testcase name="@AfterMethod logout" time="3.052" classname="com.actitime.config.CommonSetup">
    <failure type="org.openqa.selenium.ElementClickInterceptedException" message="Element &amp;lt;a id=&amp;quot;logoutLink&amp;quot; class=&amp;quot;logout&amp;quot; href=&amp;quot;/logout.do&amp;quot;&amp;gt; is not clickable at point (1309,17) because another element &amp;lt;img id=&amp;quot;muar&amp;quot; src=&amp;quot;/img/default/dialogs/exitconfirm/shade.png?hash=1846506722&amp;quot;&amp;gt; obscures it
Build info: version: &amp;apos;3.14.0&amp;apos;, revision: &amp;apos;aacccce0&amp;apos;, time: &amp;apos;2018-08-02T20:19:58.91Z&amp;apos;
System info: host: &amp;apos;LAPTOP-J365QQV5&amp;apos;, ip: &amp;apos;192.168.222.1&amp;apos;, os.name: &amp;apos;Windows 10&amp;apos;, os.arch: &amp;apos;amd64&amp;apos;, os.version: &amp;apos;10.0&amp;apos;, java.version: &amp;apos;1.8.0_271&amp;apos;
Driver info: org.openqa.selenium.firefox.FirefoxDriver
Capabilities {acceptInsecureCerts: true, browserName: firefox, browserVersion: 106.0.1, javascriptEnabled: true, moz:accessibilityChecks: false, moz:buildID: 20221019185550, moz:geckodriverVersion: 0.32.0, moz:headless: false, moz:platformVersion: 10.0, moz:processID: 5136, moz:profile: C:\Users\CHIDAM~1\AppData\L..., moz:shutdownTimeout: 60000, moz:useNonSpecCompliantPointerOrigin: false, moz:webdriverClick: true, moz:windowless: false, pageLoadStrategy: normal, platform: WINDOWS, platformName: WINDOWS, proxy: Proxy(), setWindowRect: true, strictFileInteractability: false, timeouts: {implicit: 0, pageLoad: 300000, script: 30000}, unhandledPromptBehavior: dismiss and notify}
Session ID: a565b842-a035-4e5d-8c70-e9093c63008c">
      <![CDATA[org.openqa.selenium.ElementClickInterceptedException: Element <a id="logoutLink" class="logout" href="/logout.do"> is not clickable at point (1309,17) because another element <img id="muar" src="/img/default/dialogs/exitconfirm/shade.png?hash=1846506722"> obscures it
Build info: version: '3.14.0', revision: 'aacccce0', time: '2018-08-02T20:19:58.91Z'
System info: host: 'LAPTOP-J365QQV5', ip: '192.168.222.1', os.name: 'Windows 10', os.arch: 'amd64', os.version: '10.0', java.version: '1.8.0_271'
Driver info: org.openqa.selenium.firefox.FirefoxDriver
Capabilities {acceptInsecureCerts: true, browserName: firefox, browserVersion: 106.0.1, javascriptEnabled: true, moz:accessibilityChecks: false, moz:buildID: 20221019185550, moz:geckodriverVersion: 0.32.0, moz:headless: false, moz:platformVersion: 10.0, moz:processID: 5136, moz:profile: C:\Users\CHIDAM~1\AppData\L..., moz:shutdownTimeout: 60000, moz:useNonSpecCompliantPointerOrigin: false, moz:webdriverClick: true, moz:windowless: false, pageLoadStrategy: normal, platform: WINDOWS, platformName: WINDOWS, proxy: Proxy(), setWindowRect: true, strictFileInteractability: false, timeouts: {implicit: 0, pageLoad: 300000, script: 30000}, unhandledPromptBehavior: dismiss and notify}
Session ID: a565b842-a035-4e5d-8c70-e9093c63008c
at org.openqa.selenium.remote.http.W3CHttpResponseCodec.createException(W3CHttpResponseCodec.java:187)
at org.openqa.selenium.remote.http.W3CHttpResponseCodec.decode(W3CHttpResponseCodec.java:122)
at org.openqa.selenium.remote.http.W3CHttpResponseCodec.decode(W3CHttpResponseCodec.java:49)
at org.openqa.selenium.remote.HttpCommandExecutor.execute(HttpCommandExecutor.java:158)
at org.openqa.selenium.remote.service.DriverCommandExecutor.execute(DriverCommandExecutor.java:83)
at org.openqa.selenium.remote.RemoteWebDriver.execute(RemoteWebDriver.java:548)
at org.openqa.selenium.remote.RemoteWebElement.execute(RemoteWebElement.java:276)
at org.openqa.selenium.remote.RemoteWebElement.click(RemoteWebElement.java:83)
at org.openqa.selenium.support.pagefactory.internal.LocatingElementHandler.invoke(LocatingElementHandler.java:51)
at com.sun.proxy.$Proxy11.click(Unknown Source)
at com.actitime.pages.HomePage.clickonlogout(HomePage.java:46)
at com.actitime.config.CommonSetup.logout(CommonSetup.java:68)
at java.util.ArrayList.forEach(ArrayList.java:1259)
... Removed 40 stack frames]]>
    </failure>
  </testcase> <!-- @AfterMethod logout -->
  <testcase name="@BeforeMethod loginP" time="-1.666703234188E9" classname="com.actitime.config.CommonSetup">
    <skipped/>
  </testcase> <!-- @BeforeMethod loginP -->
  <testcase name="@AfterMethod logout" time="-1.666703234193E9" classname="com.actitime.config.CommonSetup">
    <skipped/>
  </testcase> <!-- @AfterMethod logout -->
  <testcase name="@AfterClass teardown" time="-1.666703234194E9" classname="com.actitime.config.CommonSetup">
    <skipped/>
  </testcase> <!-- @AfterClass teardown -->
  <testcase name="test" time="26.977" classname="com.actitime.testscripts.tc"/>
  <testcase name="homepage" time="0.007" classname="com.actitime.testscripts.VerifyHomepageTitle"/>
  <testcase name="createCustomer" time="20.245" classname="com.actitime.testscripts.CreateNewCustomer"/>
  <testcase name="createCustomer1" time="0.0" classname="com.actitime.testscripts.CreateNewCustomer">
    <skipped/>
  </testcase> <!-- createCustomer1 -->
</testsuite> <!-- Test -->
